<?xml version="1.0" encoding="UTF-8"?>
<!-- Generated by org.testng.reporters.JUnitReportReporter -->
<testsuite skipped="0" hostname="LAPTOP-8DIF6F6E" name="TestChromeOptions" tests="1" failures="0" timestamp="29 Jul 2018 15:05:37 GMT" time="63.937" errors="0">
  <testcase name="funWithYahooPage" time="63.937" classname="TestChromeOptions"/>
</testsuite> <!-- TestChromeOptions -->
