<?xml version="1.0" encoding="UTF-8"?>
<!-- Generated by org.testng.reporters.JUnitReportReporter -->
<testsuite skipped="0" hostname="LAPTOP-8DIF6F6E" name="RadioButton" tests="2" failures="0" timestamp="29 Jul 2018 15:10:13 GMT" time="9.057" errors="0">
  <testcase name="funWithYahooPage" time="8.896" classname="RadioButton"/>
  <testcase name="totalRadioButtons" time="0.161" classname="RadioButton"/>
</testsuite> <!-- RadioButton -->
