<?xml version="1.0" encoding="UTF-8"?>
<!-- Generated by org.testng.reporters.JUnitReportReporter -->
<testsuite skipped="0" hostname="LAPTOP-8DIF6F6E" name="TestChromeOptions" tests="1" failures="0" timestamp="27 May 2018 02:07:41 GMT" time="60.498" errors="0">
  <testcase name="funWithYahooPage" time="60.498" classname="TestChromeOptions"/>
</testsuite> <!-- TestChromeOptions -->
