<?xml version="1.0" encoding="UTF-8"?>
<!-- Generated by org.testng.reporters.JUnitReportReporter -->
<testsuite skipped="0" hostname="LAPTOP-8DIF6F6E" name="Citrix" tests="1" failures="0" timestamp="30 May 2018 04:13:06 GMT" time="10.292" errors="0">
  <testcase name="findCitrixElement" time="10.292" classname="Citrix"/>
</testsuite> <!-- Citrix -->
