<?xml version="1.0" encoding="UTF-8"?>
<!-- Generated by org.testng.reporters.JUnitReportReporter -->
<testsuite skipped="0" hostname="LAPTOP-8DIF6F6E" name="Salesforce" tests="1" failures="0" timestamp="29 May 2018 02:23:07 GMT" time="21.566" errors="0">
  <testcase name="funWithYahooPage" time="21.566" classname="Salesforce"/>
</testsuite> <!-- Salesforce -->
